# JRE version: Java(TM) SE Runtime Environment (8.0_271-b09) (build 1.8.0_271-b09)
# Java VM: Java HotSpot(TM) 64-Bit Server VM (25.271-b09 mixed mode windows-amd64 compressed oops)
Heap:
 PSYoungGen      total 415232K, used 236403K [0x00000000e0000000, 0x0000000100000000, 0x0000000100000000)
  eden space 344064K, 68% used [0x00000000e0000000,0x00000000ee6dce28,0x00000000f5000000)
  from space 71168K, 0% used [0x00000000f5000000,0x00000000f5000000,0x00000000f9580000)
  to   space 103936K, 0% used [0x00000000f9a80000,0x00000000f9a80000,0x0000000100000000)
 ParOldGen       total 441856K, used 108651K [0x00000000a0000000, 0x00000000baf80000, 0x00000000e0000000)
  object space 441856K, 24% used [0x00000000a0000000,0x00000000a6a1aed0,0x00000000baf80000)
 Metaspace       used 89773K, capacity 93014K, committed 96088K, reserved 1132544K
  class space    used 11527K, capacity 12210K, committed 12672K, reserved 1048576K
GC Heap History (10 events):
Event: 411.231 GC heap before
{Heap before GC invocations=21 (full 3):
 PSYoungGen      total 310784K, used 260739K [0x00000000e0000000, 0x00000000f9900000, 0x0000000100000000)
  eden space 250368K, 99% used [0x00000000e0000000,0x00000000ef38e930,0x00000000ef480000)
  from space 60416K, 18% used [0x00000000ef480000,0x00000000eff926b0,0x00000000f2f80000)
  to   space 59392K, 0% used [0x00000000f5f00000,0x00000000f5f00000,0x00000000f9900000)
 ParOldGen       total 245248K, used 196050K [0x00000000a0000000, 0x00000000aef80000, 0x00000000e0000000)
  object space 245248K, 79% used [0x00000000a0000000,0x00000000abf749c8,0x00000000aef80000)
 Metaspace       used 87992K, capacity 91202K, committed 91352K, reserved 1128448K
  class space    used 11323K, capacity 12026K, committed 12032K, reserved 1048576K
Event: 411.241 GC heap after
Heap after GC invocations=21 (full 3):
 PSYoungGen      total 359936K, used 6652K [0x00000000e0000000, 0x00000000f9b00000, 0x0000000100000000)
  eden space 300544K, 0% used [0x00000000e0000000,0x00000000e0000000,0x00000000f2580000)
  from space 59392K, 11% used [0x00000000f5f00000,0x00000000f657f0a0,0x00000000f9900000)
  to   space 58880K, 0% used [0x00000000f2580000,0x00000000f2580000,0x00000000f5f00000)
 ParOldGen       total 245248K, used 202195K [0x00000000a0000000, 0x00000000aef80000, 0x00000000e0000000)
  object space 245248K, 82% used [0x00000000a0000000,0x00000000ac574dd0,0x00000000aef80000)
 Metaspace       used 87992K, capacity 91202K, committed 91352K, reserved 1128448K
  class space    used 11323K, capacity 12026K, committed 12032K, reserved 1048576K
}
Event: 412.608 GC heap before
{Heap before GC invocations=22 (full 3):
 PSYoungGen      total 359936K, used 307196K [0x00000000e0000000, 0x00000000f9b00000, 0x0000000100000000)
  eden space 300544K, 100% used [0x00000000e0000000,0x00000000f2580000,0x00000000f2580000)
  from space 59392K, 11% used [0x00000000f5f00000,0x00000000f657f0a0,0x00000000f9900000)
  to   space 58880K, 0% used [0x00000000f2580000,0x00000000f2580000,0x00000000f5f00000)
 ParOldGen       total 245248K, used 202195K [0x00000000a0000000, 0x00000000aef80000, 0x00000000e0000000)
  object space 245248K, 82% used [0x00000000a0000000,0x00000000ac574dd0,0x00000000aef80000)
 Metaspace       used 89823K, capacity 93286K, committed 93528K, reserved 1130496K
  class space    used 11655K, capacity 12368K, committed 12416K, reserved 1048576K
Event: 412.612 GC heap after
Heap after GC invocations=22 (full 3):
 PSYoungGen      total 359424K, used 2588K [0x00000000e0000000, 0x00000000fcf00000, 0x0000000100000000)
  eden space 300544K, 0% used [0x00000000e0000000,0x00000000e0000000,0x00000000f2580000)
  from space 58880K, 4% used [0x00000000f2580000,0x00000000f2807170,0x00000000f5f00000)
  to   space 58880K, 0% used [0x00000000f9580000,0x00000000f9580000,0x00000000fcf00000)
 ParOldGen       total 245248K, used 202918K [0x00000000a0000000, 0x00000000aef80000, 0x00000000e0000000)
  object space 245248K, 82% used [0x00000000a0000000,0x00000000ac629850,0x00000000aef80000)
 Metaspace       used 89823K, capacity 93286K, committed 93528K, reserved 1130496K
  class space    used 11655K, capacity 12368K, committed 12416K, reserved 1048576K
}
Event: 639.305 GC heap before
{Heap before GC invocations=23 (full 3):
 PSYoungGen      total 359424K, used 303132K [0x00000000e0000000, 0x00000000fcf00000, 0x0000000100000000)
  eden space 300544K, 100% used [0x00000000e0000000,0x00000000f2580000,0x00000000f2580000)
  from space 58880K, 4% used [0x00000000f2580000,0x00000000f2807170,0x00000000f5f00000)
  to   space 58880K, 0% used [0x00000000f9580000,0x00000000f9580000,0x00000000fcf00000)
 ParOldGen       total 245248K, used 202918K [0x00000000a0000000, 0x00000000aef80000, 0x00000000e0000000)
  object space 245248K, 82% used [0x00000000a0000000,0x00000000ac629850,0x00000000aef80000)
 Metaspace       used 91397K, capacity 95004K, committed 95192K, reserved 1132544K
  class space    used 11766K, capacity 12495K, committed 12544K, reserved 1048576K
Event: 639.346 GC heap after
Heap after GC invocations=23 (full 3):
 PSYoungGen      total 402944K, used 58864K [0x00000000e0000000, 0x00000000fdf00000, 0x0000000100000000)
  eden space 344064K, 0% used [0x00000000e0000000,0x00000000e0000000,0x00000000f5000000)
  from space 58880K, 99% used [0x00000000f9580000,0x00000000fcefc340,0x00000000fcf00000)
  to   space 71168K, 0% used [0x00000000f5000000,0x00000000f5000000,0x00000000f9580000)
 ParOldGen       total 245248K, used 208597K [0x00000000a0000000, 0x00000000aef80000, 0x00000000e0000000)
  object space 245248K, 85% used [0x00000000a0000000,0x00000000acbb5750,0x00000000aef80000)
 Metaspace       used 91397K, capacity 95004K, committed 95192K, reserved 1132544K
  class space    used 11766K, capacity 12495K, committed 12544K, reserved 1048576K
}
Event: 687.982 GC heap before
{Heap before GC invocations=24 (full 3):
 PSYoungGen      total 402944K, used 402928K [0x00000000e0000000, 0x00000000fdf00000, 0x0000000100000000)
  eden space 344064K, 100% used [0x00000000e0000000,0x00000000f5000000,0x00000000f5000000)
  from space 58880K, 99% used [0x00000000f9580000,0x00000000fcefc340,0x00000000fcf00000)
  to   space 71168K, 0% used [0x00000000f5000000,0x00000000f5000000,0x00000000f9580000)
 ParOldGen       total 245248K, used 208597K [0x00000000a0000000, 0x00000000aef80000, 0x00000000e0000000)
  object space 245248K, 85% used [0x00000000a0000000,0x00000000acbb5750,0x00000000aef80000)
 Metaspace       used 92349K, capacity 95984K, committed 96088K, reserved 1132544K
  class space    used 11834K, capacity 12587K, committed 12672K, reserved 1048576K
Event: 688.090 GC heap after
Heap after GC invocations=24 (full 3):
 PSYoungGen      total 415232K, used 71145K [0x00000000e0000000, 0x0000000100000000, 0x0000000100000000)
  eden space 344064K, 0% used [0x00000000e0000000,0x00000000e0000000,0x00000000f5000000)
  from space 71168K, 99% used [0x00000000f5000000,0x00000000f957a7b0,0x00000000f9580000)
  to   space 103936K, 0% used [0x00000000f9a80000,0x00000000f9a80000,0x0000000100000000)
 ParOldGen       total 262656K, used 262457K [0x00000000a0000000, 0x00000000b0080000, 0x00000000e0000000)
  object space 262656K, 99% used [0x00000000a0000000,0x00000000b004e5b0,0x00000000b0080000)
 Metaspace       used 92349K, capacity 95984K, committed 96088K, reserved 1132544K
  class space    used 11834K, capacity 12587K, committed 12672K, reserved 1048576K
}
Event: 688.090 GC heap before
{Heap before GC invocations=25 (full 4):
 PSYoungGen      total 415232K, used 71145K [0x00000000e0000000, 0x0000000100000000, 0x0000000100000000)
  eden space 344064K, 0% used [0x00000000e0000000,0x00000000e0000000,0x00000000f5000000)
  from space 71168K, 99% used [0x00000000f5000000,0x00000000f957a7b0,0x00000000f9580000)
  to   space 103936K, 0% used [0x00000000f9a80000,0x00000000f9a80000,0x0000000100000000)
 ParOldGen       total 262656K, used 262457K [0x00000000a0000000, 0x00000000b0080000, 0x00000000e0000000)
  object space 262656K, 99% used [0x00000000a0000000,0x00000000b004e5b0,0x00000000b0080000)
 Metaspace       used 92349K, capacity 95984K, committed 96088K, reserved 1132544K
  class space    used 11834K, capacity 12587K, committed 12672K, reserved 1048576K
Event: 688.487 GC heap after
Heap after GC invocations=25 (full 4):
 PSYoungGen      total 415232K, used 0K [0x00000000e0000000, 0x0000000100000000, 0x0000000100000000)
  eden space 344064K, 0% used [0x00000000e0000000,0x00000000e0000000,0x00000000f5000000)
  from space 71168K, 0% used [0x00000000f5000000,0x00000000f5000000,0x00000000f9580000)
  to   space 103936K, 0% used [0x00000000f9a80000,0x00000000f9a80000,0x0000000100000000)
 ParOldGen       total 441856K, used 108651K [0x00000000a0000000, 0x00000000baf80000, 0x00000000e0000000)
  object space 441856K, 24% used [0x00000000a0000000,0x00000000a6a1aed0,0x00000000baf80000)
 Metaspace       used 89108K, capacity 92306K, committed 96088K, reserved 1132544K
  class space    used 11480K, capacity 12172K, committed 12672K, reserved 1048576K
}

